88
49
46
66
47
32
76
55
78
83
37
75
62
69
50
34
61
70
64
65
45
63
57
98
53
44
54
68
89
72
56
91
79
95
36
84
60
81
39
51
58
87
73
52
77
71
102
82
85
80
74
48
94
101
90
93
59
67
86
132
103
96
108
106
117
109
92
97
99
116
104
105
111
115
107
110
112
120
100
113
114
142
122
118
119
130
126
135
129
128
131
124
121
125
127
123
138
137
42
136
141
134
43
139
146
155
133
147
40
140
164
156
41
21
143
149
144
35
148
145
158
151
16
153
38
30
26
15
27
25
161
180
19
160
7
31
150
29
157
163
28
6
170
173
14
162
172
167
152
154
166
177
169
10
2
17
22
20
159
165
168
174
24
4
171
9
1
8
175
179
178
3
18
23
33
13
176
12
5
11
