150
117
143
114
118
119
63
183
190
4
91
135
106
24
27
126
7
146
95
107
51
103
87
148
88
120
49
86
55
170
193
152
160
21
1
77
79
123
184
159
96
20
31
121
144
111
72
89
161
157
78
125
179
9
44
173
65
41
37
3
8
14
169
45
156
22
163
132
93
196
23
35
141
165
28
198
84
182
180
176
39
76
97
113
6
177
80
200
68
52
186
61
50
199
82
191
174
137
83
69
140
34
58
59
54
16
26
139
171
17
19
128
194
175
131
154
46
178
195
47
73
64
67
98
181
33
168
71
13
124
36
56
85
12
192
105
129
189
38
42
43
136
75
164
104
48
142
158
110
18
185
11
2
122
29
92
99
147
145
94
133
66
112
53
188
138
197
134
116
166
155
108
100
5
32
81
127
60
74
153
187
30
172
10
57
167
162
62
109
115
101
15
130
149
40
151
102
70
25
90
