11
2
10
38
5
42
28
24
40
15
33
48
19
52
26
41
23
36
13
73
118
58
109
34
68
82
43
25
20
65
70
77
66
54
55
93
61
95
71
84
64
108
57
44
90
124
46
119
53
103
78
99
67
49
56
74
50
63
97
75
130
51
69
94
111
80
125
102
60
89
105
88
100
116
96
87
81
86
122
120
104
72
107
132
112
123
110
136
114
141
121
101
135
92
129
137
115
106
128
133
131
91
143
113
165
138
127
145
126
160
151
142
149
139
146
144
155
117
164
39
152
21
148
32
163
85
12
168
134
18
140
150
161
35
154
147
47
169
8
3
157
22
31
6
7
16
59
158
62
153
1
156
162
14
76
159
27
79
30
83
