17
49
200
106
29
61
2
113
24
176
109
125
81
114
50
133
41
183
79
40
173
196
95
5
83
75
51
35
198
119
56
20
155
156
11
38
185
128
28
102
42
179
62
105
171
80
124
178
55
22
149
153
129
122
182
7
130
165
100
180
66
26
10
52
193
85
58
16
90
73
13
112
94
126
15
123
44
141
1
148
190
9
111
43
82
74
188
48
99
161
96
69
168
64
45
110
72
154
86
131
87
152
101
159
140
121
158
93
6
60
18
108
138
57
166
36
117
151
115
8
136
53
197
65
39
150
63
167
97
132
177
186
169
89
142
70
157
32
181
92
31
118
76
84
163
162
164
116
145
14
143
98
27
187
25
147
30
134
184
59
107
174
175
194
127
4
34
68
88
104
19
91
23
47
12
37
21
137
191
3
135
139
78
71
103
172
160
33
120
54
144
189
146
195
67
77
192
170
46
199
