81
195
144
68
55
167
181
92
189
197
105
61
117
145
165
72
126
186
199
157
66
173
80
63
91
65
94
54
180
169
49
127
160
111
43
107
84
200
90
44
170
108
162
182
185
137
198
156
164
110
135
184
151
3
71
168
15
97
100
190
69
172
192
102
129
18
130
141
57
171
14
45
146
19
109
96
159
118
153
77
166
93
194
7
133
17
150
56
42
140
154
37
26
152
35
46
83
125
78
103
60
113
5
99
6
36
79
4
116
24
31
33
64
67
138
87
85
53
128
12
86
48
11
75
112
115
191
27
163
149
183
40
59
50
73
139
8
76
30
134
131
52
193
41
177
178
114
32
124
119
155
104
62
25
176
161
82
122
175
132
101
148
95
136
187
88
123
143
58
21
1
70
51
188
98
174
142
38
121
10
2
16
196
22
120
74
158
20
47
179
147
89
34
106
28
29
23
13
39
9
