1
2
4
5
7
6
35
34
39
37
38
36
42
62
41
83
65
76
26
29
55
77
192
25
195
71
40
14
193
139
181
54
164
173
63
91
128
56
52
143
69
101
144
58
90
129
118
169
165
61
27
180
116
111
81
132
51
197
93
134
105
95
98
148
45
110
28
122
131
20
136
115
66
137
174
160
149
184
100
72
11
64
153
170
13
175
107
57
19
117
183
24
157
78
168
85
75
17
114
94
103
33
82
9
79
68
190
150
191
123
86
88
156
167
112
163
70
10
140
23
22
194
32
135
145
47
74
48
44
46
158
126
102
125
92
147
109
142
187
84
113
119
120
16
43
121
50
99
146
152
177
159
127
30
108
186
176
162
185
87
154
8
21
151
188
96
182
80
166
138
89
3
161
73
49
18
189
172
155
59
196
67
198
178
104
60
31
199
15
53
133
171
141
12
97
200
179
106
124
130
